Ср мая 27 15:57:49 +05 2020

100_0.map
==15688== HEAP SUMMARY:
==15688==     in use at exit: 0 bytes in 0 blocks
==15688==   total heap usage: 10,013 allocs, 10,013 frees, 308,724 bytes allocated
==15688== 
==15688== All heap blocks were freed -- no leaks are possible
==15688== 
==15688== ERROR SUMMARY: 0 errors from 0 contexts (suppressed: 0 from 0)
==15688== ERROR SUMMARY: 0 errors from 0 contexts (suppressed: 0 from 0)

100_10.map
==15691== HEAP SUMMARY:
==15691==     in use at exit: 0 bytes in 0 blocks
==15691==   total heap usage: 9,686 allocs, 9,686 frees, 299,876 bytes allocated
==15691== 
==15691== All heap blocks were freed -- no leaks are possible
==15691== 
==15691== ERROR SUMMARY: 0 errors from 0 contexts (suppressed: 0 from 0)
==15691== ERROR SUMMARY: 0 errors from 0 contexts (suppressed: 0 from 0)

100_11.map
==15695== HEAP SUMMARY:
==15695==     in use at exit: 0 bytes in 0 blocks
==15695==   total heap usage: 10,770 allocs, 10,770 frees, 336,032 bytes allocated
==15695== 
==15695== All heap blocks were freed -- no leaks are possible
==15695== 
==15695== ERROR SUMMARY: 0 errors from 0 contexts (suppressed: 0 from 0)
==15695== ERROR SUMMARY: 0 errors from 0 contexts (suppressed: 0 from 0)

100_12.map
==15697== HEAP SUMMARY:
==15697==     in use at exit: 0 bytes in 0 blocks
==15697==   total heap usage: 5,927 allocs, 5,927 frees, 187,926 bytes allocated
==15697== 
==15697== All heap blocks were freed -- no leaks are possible
==15697== 
==15697== ERROR SUMMARY: 0 errors from 0 contexts (suppressed: 0 from 0)
==15697== ERROR SUMMARY: 0 errors from 0 contexts (suppressed: 0 from 0)

100_13.map
==15699== HEAP SUMMARY:
==15699==     in use at exit: 0 bytes in 0 blocks
==15699==   total heap usage: 7,392 allocs, 7,392 frees, 234,490 bytes allocated
==15699== 
==15699== All heap blocks were freed -- no leaks are possible
==15699== 
==15699== ERROR SUMMARY: 0 errors from 0 contexts (suppressed: 0 from 0)
==15699== ERROR SUMMARY: 0 errors from 0 contexts (suppressed: 0 from 0)

100_14.map
==15701== HEAP SUMMARY:
==15701==     in use at exit: 0 bytes in 0 blocks
==15701==   total heap usage: 8,754 allocs, 8,754 frees, 270,177 bytes allocated
==15701== 
==15701== All heap blocks were freed -- no leaks are possible
==15701== 
==15701== ERROR SUMMARY: 0 errors from 0 contexts (suppressed: 0 from 0)
==15701== ERROR SUMMARY: 0 errors from 0 contexts (suppressed: 0 from 0)

100_15.map
==15703== HEAP SUMMARY:
==15703==     in use at exit: 0 bytes in 0 blocks
==15703==   total heap usage: 8,908 allocs, 8,908 frees, 268,410 bytes allocated
==15703== 
==15703== All heap blocks were freed -- no leaks are possible
==15703== 
==15703== ERROR SUMMARY: 0 errors from 0 contexts (suppressed: 0 from 0)
==15703== ERROR SUMMARY: 0 errors from 0 contexts (suppressed: 0 from 0)

100_16.map
==15705== HEAP SUMMARY:
==15705==     in use at exit: 0 bytes in 0 blocks
==15705==   total heap usage: 9,447 allocs, 9,447 frees, 291,580 bytes allocated
==15705== 
==15705== All heap blocks were freed -- no leaks are possible
==15705== 
==15705== ERROR SUMMARY: 0 errors from 0 contexts (suppressed: 0 from 0)
==15705== ERROR SUMMARY: 0 errors from 0 contexts (suppressed: 0 from 0)

100_17.map
==15707== HEAP SUMMARY:
==15707==     in use at exit: 0 bytes in 0 blocks
==15707==   total heap usage: 7,489 allocs, 7,489 frees, 218,261 bytes allocated
==15707== 
==15707== All heap blocks were freed -- no leaks are possible
==15707== 
==15707== ERROR SUMMARY: 0 errors from 0 contexts (suppressed: 0 from 0)
==15707== ERROR SUMMARY: 0 errors from 0 contexts (suppressed: 0 from 0)

100_18.map
==15709== HEAP SUMMARY:
==15709==     in use at exit: 0 bytes in 0 blocks
==15709==   total heap usage: 11,072 allocs, 11,072 frees, 341,657 bytes allocated
==15709== 
==15709== All heap blocks were freed -- no leaks are possible
==15709== 
==15709== ERROR SUMMARY: 0 errors from 0 contexts (suppressed: 0 from 0)
==15709== ERROR SUMMARY: 0 errors from 0 contexts (suppressed: 0 from 0)

100_19.map
==15711== HEAP SUMMARY:
==15711==     in use at exit: 0 bytes in 0 blocks
==15711==   total heap usage: 8,416 allocs, 8,416 frees, 258,558 bytes allocated
==15711== 
==15711== All heap blocks were freed -- no leaks are possible
==15711== 
==15711== ERROR SUMMARY: 0 errors from 0 contexts (suppressed: 0 from 0)
==15711== ERROR SUMMARY: 0 errors from 0 contexts (suppressed: 0 from 0)

100_1.map
==15713== HEAP SUMMARY:
==15713==     in use at exit: 0 bytes in 0 blocks
==15713==   total heap usage: 9,720 allocs, 9,720 frees, 298,948 bytes allocated
==15713== 
==15713== All heap blocks were freed -- no leaks are possible
==15713== 
==15713== ERROR SUMMARY: 0 errors from 0 contexts (suppressed: 0 from 0)
==15713== ERROR SUMMARY: 0 errors from 0 contexts (suppressed: 0 from 0)

100_20.map
==15717== HEAP SUMMARY:
==15717==     in use at exit: 0 bytes in 0 blocks
==15717==   total heap usage: 11,781 allocs, 11,781 frees, 365,278 bytes allocated
==15717== 
==15717== All heap blocks were freed -- no leaks are possible
==15717== 
==15717== ERROR SUMMARY: 0 errors from 0 contexts (suppressed: 0 from 0)
==15717== ERROR SUMMARY: 0 errors from 0 contexts (suppressed: 0 from 0)

100_21.map
==15720== HEAP SUMMARY:
==15720==     in use at exit: 0 bytes in 0 blocks
==15720==   total heap usage: 8,595 allocs, 8,595 frees, 266,418 bytes allocated
==15720== 
==15720== All heap blocks were freed -- no leaks are possible
==15720== 
==15720== ERROR SUMMARY: 0 errors from 0 contexts (suppressed: 0 from 0)
==15720== ERROR SUMMARY: 0 errors from 0 contexts (suppressed: 0 from 0)

100_22.map
==15722== HEAP SUMMARY:
==15722==     in use at exit: 0 bytes in 0 blocks
==15722==   total heap usage: 9,125 allocs, 9,125 frees, 279,232 bytes allocated
==15722== 
==15722== All heap blocks were freed -- no leaks are possible
==15722== 
==15722== ERROR SUMMARY: 0 errors from 0 contexts (suppressed: 0 from 0)
==15722== ERROR SUMMARY: 0 errors from 0 contexts (suppressed: 0 from 0)

100_23.map
==15729== HEAP SUMMARY:
==15729==     in use at exit: 0 bytes in 0 blocks
==15729==   total heap usage: 11,289 allocs, 11,289 frees, 356,664 bytes allocated
==15729== 
==15729== All heap blocks were freed -- no leaks are possible
==15729== 
==15729== ERROR SUMMARY: 0 errors from 0 contexts (suppressed: 0 from 0)
==15729== ERROR SUMMARY: 0 errors from 0 contexts (suppressed: 0 from 0)

100_24.map
==15733== HEAP SUMMARY:
==15733==     in use at exit: 0 bytes in 0 blocks
==15733==   total heap usage: 9,060 allocs, 9,060 frees, 275,540 bytes allocated
==15733== 
==15733== All heap blocks were freed -- no leaks are possible
==15733== 
==15733== ERROR SUMMARY: 0 errors from 0 contexts (suppressed: 0 from 0)
==15733== ERROR SUMMARY: 0 errors from 0 contexts (suppressed: 0 from 0)

100_25.map
==15736== HEAP SUMMARY:
==15736==     in use at exit: 0 bytes in 0 blocks
==15736==   total heap usage: 7,336 allocs, 7,336 frees, 228,380 bytes allocated
==15736== 
==15736== All heap blocks were freed -- no leaks are possible
==15736== 
==15736== ERROR SUMMARY: 0 errors from 0 contexts (suppressed: 0 from 0)
==15736== ERROR SUMMARY: 0 errors from 0 contexts (suppressed: 0 from 0)

100_26.map
==15738== HEAP SUMMARY:
==15738==     in use at exit: 0 bytes in 0 blocks
==15738==   total heap usage: 8,486 allocs, 8,486 frees, 251,986 bytes allocated
==15738== 
==15738== All heap blocks were freed -- no leaks are possible
==15738== 
==15738== ERROR SUMMARY: 0 errors from 0 contexts (suppressed: 0 from 0)
==15738== ERROR SUMMARY: 0 errors from 0 contexts (suppressed: 0 from 0)

100_27.map
==15741== HEAP SUMMARY:
==15741==     in use at exit: 0 bytes in 0 blocks
==15741==   total heap usage: 10,124 allocs, 10,124 frees, 306,850 bytes allocated
==15741== 
==15741== All heap blocks were freed -- no leaks are possible
==15741== 
==15741== ERROR SUMMARY: 0 errors from 0 contexts (suppressed: 0 from 0)
==15741== ERROR SUMMARY: 0 errors from 0 contexts (suppressed: 0 from 0)

100_28.map
==15743== HEAP SUMMARY:
==15743==     in use at exit: 0 bytes in 0 blocks
==15743==   total heap usage: 7,707 allocs, 7,707 frees, 234,216 bytes allocated
==15743== 
==15743== All heap blocks were freed -- no leaks are possible
==15743== 
==15743== ERROR SUMMARY: 0 errors from 0 contexts (suppressed: 0 from 0)
==15743== ERROR SUMMARY: 0 errors from 0 contexts (suppressed: 0 from 0)

100_29.map
==15746== HEAP SUMMARY:
==15746==     in use at exit: 0 bytes in 0 blocks
==15746==   total heap usage: 10,643 allocs, 10,643 frees, 319,226 bytes allocated
==15746== 
==15746== All heap blocks were freed -- no leaks are possible
==15746== 
==15746== ERROR SUMMARY: 0 errors from 0 contexts (suppressed: 0 from 0)
==15746== ERROR SUMMARY: 0 errors from 0 contexts (suppressed: 0 from 0)

100_2.map
==15748== HEAP SUMMARY:
==15748==     in use at exit: 0 bytes in 0 blocks
==15748==   total heap usage: 9,978 allocs, 9,978 frees, 304,180 bytes allocated
==15748== 
==15748== All heap blocks were freed -- no leaks are possible
==15748== 
==15748== ERROR SUMMARY: 0 errors from 0 contexts (suppressed: 0 from 0)
==15748== ERROR SUMMARY: 0 errors from 0 contexts (suppressed: 0 from 0)

100_30.map
==15750== HEAP SUMMARY:
==15750==     in use at exit: 0 bytes in 0 blocks
==15750==   total heap usage: 8,026 allocs, 8,026 frees, 242,046 bytes allocated
==15750== 
==15750== All heap blocks were freed -- no leaks are possible
==15750== 
==15750== ERROR SUMMARY: 0 errors from 0 contexts (suppressed: 0 from 0)
==15750== ERROR SUMMARY: 0 errors from 0 contexts (suppressed: 0 from 0)

100_3.map
==15752== HEAP SUMMARY:
==15752==     in use at exit: 0 bytes in 0 blocks
==15752==   total heap usage: 8,989 allocs, 8,989 frees, 267,945 bytes allocated
==15752== 
==15752== All heap blocks were freed -- no leaks are possible
==15752== 
==15752== ERROR SUMMARY: 0 errors from 0 contexts (suppressed: 0 from 0)
==15752== ERROR SUMMARY: 0 errors from 0 contexts (suppressed: 0 from 0)

100_4.map
==15754== HEAP SUMMARY:
==15754==     in use at exit: 0 bytes in 0 blocks
==15754==   total heap usage: 8,030 allocs, 8,030 frees, 234,092 bytes allocated
==15754== 
==15754== All heap blocks were freed -- no leaks are possible
==15754== 
==15754== ERROR SUMMARY: 0 errors from 0 contexts (suppressed: 0 from 0)
==15754== ERROR SUMMARY: 0 errors from 0 contexts (suppressed: 0 from 0)

100_5.map
==15756== HEAP SUMMARY:
==15756==     in use at exit: 0 bytes in 0 blocks
==15756==   total heap usage: 7,138 allocs, 7,138 frees, 228,384 bytes allocated
==15756== 
==15756== All heap blocks were freed -- no leaks are possible
==15756== 
==15756== ERROR SUMMARY: 0 errors from 0 contexts (suppressed: 0 from 0)
==15756== ERROR SUMMARY: 0 errors from 0 contexts (suppressed: 0 from 0)

100_6.map
==15758== HEAP SUMMARY:
==15758==     in use at exit: 0 bytes in 0 blocks
==15758==   total heap usage: 8,698 allocs, 8,698 frees, 265,286 bytes allocated
==15758== 
==15758== All heap blocks were freed -- no leaks are possible
==15758== 
==15758== ERROR SUMMARY: 0 errors from 0 contexts (suppressed: 0 from 0)
==15758== ERROR SUMMARY: 0 errors from 0 contexts (suppressed: 0 from 0)

100_7.map
==15760== HEAP SUMMARY:
==15760==     in use at exit: 0 bytes in 0 blocks
==15760==   total heap usage: 9,202 allocs, 9,202 frees, 274,731 bytes allocated
==15760== 
==15760== All heap blocks were freed -- no leaks are possible
==15760== 
==15760== ERROR SUMMARY: 0 errors from 0 contexts (suppressed: 0 from 0)
==15760== ERROR SUMMARY: 0 errors from 0 contexts (suppressed: 0 from 0)

100_8.map
==15762== HEAP SUMMARY:
==15762==     in use at exit: 0 bytes in 0 blocks
==15762==   total heap usage: 10,856 allocs, 10,856 frees, 325,738 bytes allocated
==15762== 
==15762== All heap blocks were freed -- no leaks are possible
==15762== 
==15762== ERROR SUMMARY: 0 errors from 0 contexts (suppressed: 0 from 0)
==15762== ERROR SUMMARY: 0 errors from 0 contexts (suppressed: 0 from 0)

100_9.map
==15764== HEAP SUMMARY:
==15764==     in use at exit: 0 bytes in 0 blocks
==15764==   total heap usage: 8,865 allocs, 8,865 frees, 268,964 bytes allocated
==15764== 
==15764== All heap blocks were freed -- no leaks are possible
==15764== 
==15764== ERROR SUMMARY: 0 errors from 0 contexts (suppressed: 0 from 0)
==15764== ERROR SUMMARY: 0 errors from 0 contexts (suppressed: 0 from 0)

10_0.map
==15766== HEAP SUMMARY:
==15766==     in use at exit: 0 bytes in 0 blocks
==15766==   total heap usage: 4,727 allocs, 4,727 frees, 133,855 bytes allocated
==15766== 
==15766== All heap blocks were freed -- no leaks are possible
==15766== 
==15766== ERROR SUMMARY: 0 errors from 0 contexts (suppressed: 0 from 0)
==15766== ERROR SUMMARY: 0 errors from 0 contexts (suppressed: 0 from 0)

10_10.map
==15768== HEAP SUMMARY:
==15768==     in use at exit: 0 bytes in 0 blocks
==15768==   total heap usage: 7,185 allocs, 7,185 frees, 203,835 bytes allocated
==15768== 
==15768== All heap blocks were freed -- no leaks are possible
==15768== 
==15768== ERROR SUMMARY: 0 errors from 0 contexts (suppressed: 0 from 0)
==15768== ERROR SUMMARY: 0 errors from 0 contexts (suppressed: 0 from 0)

10_1.map
==15770== HEAP SUMMARY:
==15770==     in use at exit: 0 bytes in 0 blocks
==15770==   total heap usage: 9,451 allocs, 9,451 frees, 278,367 bytes allocated
==15770== 
==15770== All heap blocks were freed -- no leaks are possible
==15770== 
==15770== ERROR SUMMARY: 0 errors from 0 contexts (suppressed: 0 from 0)
==15770== ERROR SUMMARY: 0 errors from 0 contexts (suppressed: 0 from 0)

10_2.map
==15772== HEAP SUMMARY:
==15772==     in use at exit: 0 bytes in 0 blocks
==15772==   total heap usage: 5,786 allocs, 5,786 frees, 163,870 bytes allocated
==15772== 
==15772== All heap blocks were freed -- no leaks are possible
==15772== 
==15772== ERROR SUMMARY: 0 errors from 0 contexts (suppressed: 0 from 0)
==15772== ERROR SUMMARY: 0 errors from 0 contexts (suppressed: 0 from 0)

10_3.map
==15774== HEAP SUMMARY:
==15774==     in use at exit: 0 bytes in 0 blocks
==15774==   total heap usage: 5,857 allocs, 5,857 frees, 166,981 bytes allocated
==15774== 
==15774== All heap blocks were freed -- no leaks are possible
==15774== 
==15774== ERROR SUMMARY: 0 errors from 0 contexts (suppressed: 0 from 0)
==15774== ERROR SUMMARY: 0 errors from 0 contexts (suppressed: 0 from 0)

10_4.map
==15776== HEAP SUMMARY:
==15776==     in use at exit: 0 bytes in 0 blocks
==15776==   total heap usage: 12,917 allocs, 12,917 frees, 380,951 bytes allocated
==15776== 
==15776== All heap blocks were freed -- no leaks are possible
==15776== 
==15776== ERROR SUMMARY: 0 errors from 0 contexts (suppressed: 0 from 0)
==15776== ERROR SUMMARY: 0 errors from 0 contexts (suppressed: 0 from 0)

10_5.map
==15778== HEAP SUMMARY:
==15778==     in use at exit: 0 bytes in 0 blocks
==15778==   total heap usage: 11,542 allocs, 11,542 frees, 341,273 bytes allocated
==15778== 
==15778== All heap blocks were freed -- no leaks are possible
==15778== 
==15778== ERROR SUMMARY: 0 errors from 0 contexts (suppressed: 0 from 0)
==15778== ERROR SUMMARY: 0 errors from 0 contexts (suppressed: 0 from 0)

10_6.map
==15780== HEAP SUMMARY:
==15780==     in use at exit: 0 bytes in 0 blocks
==15780==   total heap usage: 5,807 allocs, 5,807 frees, 157,439 bytes allocated
==15780== 
==15780== All heap blocks were freed -- no leaks are possible
==15780== 
==15780== ERROR SUMMARY: 0 errors from 0 contexts (suppressed: 0 from 0)
==15780== ERROR SUMMARY: 0 errors from 0 contexts (suppressed: 0 from 0)

10_7.map
==15783== HEAP SUMMARY:
==15783==     in use at exit: 0 bytes in 0 blocks
==15783==   total heap usage: 9,914 allocs, 9,914 frees, 298,349 bytes allocated
==15783== 
==15783== All heap blocks were freed -- no leaks are possible
==15783== 
==15783== ERROR SUMMARY: 0 errors from 0 contexts (suppressed: 0 from 0)
==15783== ERROR SUMMARY: 0 errors from 0 contexts (suppressed: 0 from 0)

10_8.map
==15785== HEAP SUMMARY:
==15785==     in use at exit: 0 bytes in 0 blocks
==15785==   total heap usage: 4,556 allocs, 4,556 frees, 125,882 bytes allocated
==15785== 
==15785== All heap blocks were freed -- no leaks are possible
==15785== 
==15785== ERROR SUMMARY: 0 errors from 0 contexts (suppressed: 0 from 0)
==15785== ERROR SUMMARY: 0 errors from 0 contexts (suppressed: 0 from 0)

10_9.map
==15787== HEAP SUMMARY:
==15787==     in use at exit: 0 bytes in 0 blocks
==15787==   total heap usage: 7,747 allocs, 7,747 frees, 229,727 bytes allocated
==15787== 
==15787== All heap blocks were freed -- no leaks are possible
==15787== 
==15787== ERROR SUMMARY: 0 errors from 0 contexts (suppressed: 0 from 0)
==15787== ERROR SUMMARY: 0 errors from 0 contexts (suppressed: 0 from 0)

1_10.map
==15789== HEAP SUMMARY:
==15789==     in use at exit: 0 bytes in 0 blocks
==15789==   total heap usage: 3,205 allocs, 3,205 frees, 86,898 bytes allocated
==15789== 
==15789== All heap blocks were freed -- no leaks are possible
==15789== 
==15789== ERROR SUMMARY: 0 errors from 0 contexts (suppressed: 0 from 0)
==15789== ERROR SUMMARY: 0 errors from 0 contexts (suppressed: 0 from 0)

1_1.map
==15791== HEAP SUMMARY:
==15791==     in use at exit: 0 bytes in 0 blocks
==15791==   total heap usage: 6,220 allocs, 6,220 frees, 171,810 bytes allocated
==15791== 
==15791== All heap blocks were freed -- no leaks are possible
==15791== 
==15791== ERROR SUMMARY: 0 errors from 0 contexts (suppressed: 0 from 0)
==15791== ERROR SUMMARY: 0 errors from 0 contexts (suppressed: 0 from 0)

1_2.map
==15796== HEAP SUMMARY:
==15796==     in use at exit: 0 bytes in 0 blocks
==15796==   total heap usage: 4,054 allocs, 4,054 frees, 105,730 bytes allocated
==15796== 
==15796== All heap blocks were freed -- no leaks are possible
==15796== 
==15796== ERROR SUMMARY: 0 errors from 0 contexts (suppressed: 0 from 0)
==15796== ERROR SUMMARY: 0 errors from 0 contexts (suppressed: 0 from 0)

1_3.map
==15798== HEAP SUMMARY:
==15798==     in use at exit: 0 bytes in 0 blocks
==15798==   total heap usage: 3,485 allocs, 3,485 frees, 93,290 bytes allocated
==15798== 
==15798== All heap blocks were freed -- no leaks are possible
==15798== 
==15798== ERROR SUMMARY: 0 errors from 0 contexts (suppressed: 0 from 0)
==15798== ERROR SUMMARY: 0 errors from 0 contexts (suppressed: 0 from 0)

1_4.map
==15800== HEAP SUMMARY:
==15800==     in use at exit: 0 bytes in 0 blocks
==15800==   total heap usage: 1,713 allocs, 1,713 frees, 45,286 bytes allocated
==15800== 
==15800== All heap blocks were freed -- no leaks are possible
==15800== 
==15800== ERROR SUMMARY: 0 errors from 0 contexts (suppressed: 0 from 0)
==15800== ERROR SUMMARY: 0 errors from 0 contexts (suppressed: 0 from 0)

1_5.map
==15802== HEAP SUMMARY:
==15802==     in use at exit: 0 bytes in 0 blocks
==15802==   total heap usage: 3,583 allocs, 3,583 frees, 90,236 bytes allocated
==15802== 
==15802== All heap blocks were freed -- no leaks are possible
==15802== 
==15802== ERROR SUMMARY: 0 errors from 0 contexts (suppressed: 0 from 0)
==15802== ERROR SUMMARY: 0 errors from 0 contexts (suppressed: 0 from 0)

1_6.map
==15804== HEAP SUMMARY:
==15804==     in use at exit: 0 bytes in 0 blocks
==15804==   total heap usage: 2,113 allocs, 2,113 frees, 53,112 bytes allocated
==15804== 
==15804== All heap blocks were freed -- no leaks are possible
==15804== 
==15804== ERROR SUMMARY: 0 errors from 0 contexts (suppressed: 0 from 0)
==15804== ERROR SUMMARY: 0 errors from 0 contexts (suppressed: 0 from 0)

1_7.map
==15806== HEAP SUMMARY:
==15806==     in use at exit: 0 bytes in 0 blocks
==15806==   total heap usage: 5,051 allocs, 5,051 frees, 134,890 bytes allocated
==15806== 
==15806== All heap blocks were freed -- no leaks are possible
==15806== 
==15806== ERROR SUMMARY: 0 errors from 0 contexts (suppressed: 0 from 0)
==15806== ERROR SUMMARY: 0 errors from 0 contexts (suppressed: 0 from 0)

1_8.map
==15808== HEAP SUMMARY:
==15808==     in use at exit: 0 bytes in 0 blocks
==15808==   total heap usage: 3,811 allocs, 3,811 frees, 101,000 bytes allocated
==15808== 
==15808== All heap blocks were freed -- no leaks are possible
==15808== 
==15808== ERROR SUMMARY: 0 errors from 0 contexts (suppressed: 0 from 0)
==15808== ERROR SUMMARY: 0 errors from 0 contexts (suppressed: 0 from 0)

1_9.map
==15810== HEAP SUMMARY:
==15810==     in use at exit: 0 bytes in 0 blocks
==15810==   total heap usage: 7,080 allocs, 7,080 frees, 191,602 bytes allocated
==15810== 
==15810== All heap blocks were freed -- no leaks are possible
==15810== 
==15810== ERROR SUMMARY: 0 errors from 0 contexts (suppressed: 0 from 0)
==15810== ERROR SUMMARY: 0 errors from 0 contexts (suppressed: 0 from 0)

base_collision_2w
==15812== HEAP SUMMARY:
==15812==     in use at exit: 0 bytes in 0 blocks
==15812==   total heap usage: 178 allocs, 178 frees, 4,977 bytes allocated
==15812== 
==15812== All heap blocks were freed -- no leaks are possible
==15812== 
==15812== ERROR SUMMARY: 0 errors from 0 contexts (suppressed: 0 from 0)
==15812== ERROR SUMMARY: 0 errors from 0 contexts (suppressed: 0 from 0)

base_collision_3w
==15814== HEAP SUMMARY:
==15814==     in use at exit: 0 bytes in 0 blocks
==15814==   total heap usage: 387 allocs, 387 frees, 11,824 bytes allocated
==15814== 
==15814== All heap blocks were freed -- no leaks are possible
==15814== 
==15814== ERROR SUMMARY: 0 errors from 0 contexts (suppressed: 0 from 0)
==15814== ERROR SUMMARY: 0 errors from 0 contexts (suppressed: 0 from 0)

base_map
==15816== HEAP SUMMARY:
==15816==     in use at exit: 0 bytes in 0 blocks
==15816==   total heap usage: 31 allocs, 31 frees, 809 bytes allocated
==15816== 
==15816== All heap blocks were freed -- no leaks are possible
==15816== 
==15816== ERROR SUMMARY: 0 errors from 0 contexts (suppressed: 0 from 0)
==15816== ERROR SUMMARY: 0 errors from 0 contexts (suppressed: 0 from 0)

hard_collision_2w
==15818== HEAP SUMMARY:
==15818==     in use at exit: 0 bytes in 0 blocks
==15818==   total heap usage: 182 allocs, 182 frees, 3,783 bytes allocated
==15818== 
==15818== All heap blocks were freed -- no leaks are possible
==15818== 
==15818== ERROR SUMMARY: 0 errors from 0 contexts (suppressed: 0 from 0)
==15818== ERROR SUMMARY: 0 errors from 0 contexts (suppressed: 0 from 0)

